<?xml version="1.0" encoding="UTF-8"?>
<testng-results ignored="0" total="3" passed="3" failed="0" skipped="0">
  <reporter-output>
  </reporter-output>
  <suite started-at="2019-03-17T00:43:51Z" name="TestSuite" finished-at="2019-03-17T00:44:11Z" duration-ms="20011">
    <groups>
    </groups>
    <test started-at="2019-03-17T00:43:51Z" name="Tests" finished-at="2019-03-17T00:44:11Z" duration-ms="20011">
      <class name="SamSung.Test8">
        <test-method is-config="true" signature="suiteSetup1()[pri:0, instance:SamSung.Test8@3cdf2c61]" started-at="2019-03-17T00:43:51Z" name="suiteSetup1" finished-at="2019-03-17T00:43:51Z" duration-ms="50" status="PASS">
          <reporter-output>
          </reporter-output>
        </test-method> <!-- suiteSetup1 -->
        <test-method signature="TC03(java.lang.String)[pri:0, instance:SamSung.Test8@3cdf2c61]" started-at="2019-03-17T00:43:51Z" name="TC03" finished-at="2019-03-17T00:44:11Z" duration-ms="19993" status="PASS">
          <params>
            <param index="0">
              <value>
                <![CDATA[Chrome]]>
              </value>
            </param>
          </params>
          <reporter-output>
          </reporter-output>
        </test-method> <!-- TC03 -->
        <test-method signature="TC02(java.lang.String)[pri:0, instance:SamSung.Test8@3cdf2c61]" started-at="2019-03-17T00:43:51Z" name="TC02" finished-at="2019-03-17T00:44:09Z" duration-ms="18492" status="PASS">
          <params>
            <param index="0">
              <value>
                <![CDATA[Chrome]]>
              </value>
            </param>
          </params>
          <reporter-output>
          </reporter-output>
        </test-method> <!-- TC02 -->
        <test-method signature="TC01(java.lang.String)[pri:0, instance:SamSung.Test8@3cdf2c61]" started-at="2019-03-17T00:43:51Z" name="TC01" finished-at="2019-03-17T00:44:10Z" duration-ms="19343" status="PASS">
          <params>
            <param index="0">
              <value>
                <![CDATA[Chrome]]>
              </value>
            </param>
          </params>
          <reporter-output>
          </reporter-output>
        </test-method> <!-- TC01 -->
        <test-method is-config="true" signature="AftersuiteSetup2()[pri:0, instance:SamSung.Test8@3cdf2c61]" started-at="2019-03-17T00:44:11Z" name="AftersuiteSetup2" finished-at="2019-03-17T00:44:11Z" duration-ms="102" status="PASS">
          <reporter-output>
          </reporter-output>
        </test-method> <!-- AftersuiteSetup2 -->
      </class> <!-- SamSung.Test8 -->
    </test> <!-- Tests -->
  </suite> <!-- TestSuite -->
</testng-results>
