<?xml version="1.0" encoding="UTF-8"?>
<!-- Generated by org.testng.reporters.JUnitXMLReporter -->
<testsuite ignored="1" hostname="sudhakar-PC" failures="3" tests="5" name="My Test" time="0.063" errors="0" timestamp="24 Feb 2019 13:43:27 GMT">
  <testcase classname="SamSung.Actions124" name="TC02" time="0.016">
    <failure type="java.lang.AssertionError" message="Write your custom error message">
      <![CDATA[java.lang.AssertionError: Write your custom error message
at SamSung.Actions124.TC02(Actions124.java:82)
at SamSung.TestNGMainClass.main(TestNGMainClass.java:89)
... Removed 23 stack frames]]>
    </failure>
  </testcase> <!-- TC02 -->
  <testcase classname="SamSung.Actions124" name="TC04" time="0.0">
    <failure type="java.lang.AssertionError" message="Write your custom error message">
      <![CDATA[java.lang.AssertionError: Write your custom error message
at SamSung.Actions124.TC04(Actions124.java:90)
at SamSung.TestNGMainClass.main(TestNGMainClass.java:89)
... Removed 23 stack frames]]>
    </failure>
  </testcase> <!-- TC04 -->
  <testcase classname="SamSung.Actions124" name="TC05" time="0.0">
    <failure type="java.lang.AssertionError" message="Write your custom error message">
      <![CDATA[java.lang.AssertionError: Write your custom error message
at SamSung.Actions124.TC05(Actions124.java:99)
at SamSung.TestNGMainClass.main(TestNGMainClass.java:89)
... Removed 23 stack frames]]>
    </failure>
  </testcase> <!-- TC05 -->
  <testcase classname="SamSung.Actions124" name="TC06" time="0.0"/>
  <testcase classname="SamSung.Actions124" name="TC08" time="0.0"/>
  <testcase classname="SamSung.Actions124" name="TC07" time="0.0">
    <ignored/>
  </testcase> <!-- TC07 -->
</testsuite> <!-- My Test -->
