<?xml version="1.0" encoding="UTF-8"?>
<!-- Generated by org.testng.reporters.JUnitXMLReporter -->
<testsuite ignored="0" hostname="sudhakar-PC" failures="0" tests="5" name="Test8" time="48.134" errors="0" timestamp="08 Mar 2019 01:57:43 GMT">
  <testcase classname="SamSung.Test8" name="Mydifftime" time="0.454"/>
  <testcase classname="SamSung.Test8" name="MyHtm2" time="47.199"/>
  <testcase classname="SamSung.Test8" name="MyHtm4" time="47.199"/>
  <testcase classname="SamSung.Test8" name="MyHtm3" time="47.869"/>
  <testcase classname="SamSung.Test8" name="MyHtm1" time="48.072"/>
</testsuite> <!-- Test8 -->
