<?xml version="1.0" encoding="UTF-8"?>
<testng-results ignored="0" total="1" passed="1" failed="0" skipped="0">
  <reporter-output>
  </reporter-output>
  <suite started-at="2019-03-17T23:43:57Z" name="Default suite" finished-at="2019-03-17T23:45:16Z" duration-ms="78948">
    <groups>
    </groups>
    <test started-at="2019-03-17T23:43:57Z" name="Default test" finished-at="2019-03-17T23:45:16Z" duration-ms="78948">
      <class name="SamSung.TestNGMainClass3">
        <test-method is-config="true" signature="suiteSetup1()[pri:0, instance:SamSung.TestNGMainClass3@38e79ae3]" started-at="2019-03-17T23:43:57Z" name="suiteSetup1" finished-at="2019-03-17T23:43:57Z" duration-ms="777" status="PASS">
          <reporter-output>
          </reporter-output>
        </test-method> <!-- suiteSetup1 -->
        <test-method signature="TCMAIN()[pri:0, instance:SamSung.TestNGMainClass3@38e79ae3]" started-at="2019-03-17T23:43:57Z" name="TCMAIN" finished-at="2019-03-17T23:45:15Z" duration-ms="77761" status="PASS">
          <reporter-output>
          </reporter-output>
        </test-method> <!-- TCMAIN -->
        <test-method is-config="true" signature="AftersuiteSetup2()[pri:0, instance:SamSung.TestNGMainClass3@38e79ae3]" started-at="2019-03-17T23:45:15Z" name="AftersuiteSetup2" finished-at="2019-03-17T23:45:16Z" duration-ms="380" status="PASS">
          <reporter-output>
          </reporter-output>
        </test-method> <!-- AftersuiteSetup2 -->
      </class> <!-- SamSung.TestNGMainClass3 -->
    </test> <!-- Default test -->
  </suite> <!-- Default suite -->
</testng-results>
